<?xml version="1.0" encoding="UTF-8"?>
<!-- Generated by org.testng.reporters.JUnitXMLReporter -->
<testsuite ignored="4" hostname="DESKTOP-PAHOHTD" failures="0" tests="1" name="Default test" time="24.4" errors="0" timestamp="2022-08-23T14:33:08 IST">
  <testcase classname="com.qa.testLayer.TradingTest" name="sellShareGail" time="16.774"/>
  <testcase classname="com.qa.testLayer.TradingTest" name="buyShareGail" time="0.0">
    <ignored/>
  </testcase> <!-- buyShareGail -->
  <testcase classname="com.qa.testLayer.TradingTest" name="buyShareWipro" time="0.0">
    <ignored/>
  </testcase> <!-- buyShareWipro -->
  <testcase classname="com.qa.testLayer.TradingTest" name="buyShareAxis" time="0.0">
    <ignored/>
  </testcase> <!-- buyShareAxis -->
  <testcase classname="com.qa.testLayer.TradingTest" name="sellShareWipro" time="0.0">
    <ignored/>
  </testcase> <!-- sellShareWipro -->
</testsuite> <!-- Default test -->
