<?xml version="1.0" encoding="UTF-8"?>
<testng-results ignored="0" total="5" passed="4" failed="1" skipped="0">
  <reporter-output>
  </reporter-output>
  <suite started-at="2022-08-23T15:43:54 IST" name="Suite" finished-at="2022-08-23T15:46:00 IST" duration-ms="126110">
    <groups>
    </groups>
    <test started-at="2022-08-23T15:43:54 IST" name="Test" finished-at="2022-08-23T15:46:00 IST" duration-ms="126110">
      <class name="com.qa.testLayer.TradingTest">
        <test-method is-config="true" signature="start()[pri:0, instance:com.qa.testLayer.TradingTest@3e58a80e]" started-at="2022-08-23T15:43:54 IST" name="start" finished-at="2022-08-23T15:43:54 IST" duration-ms="276" status="PASS">
          <reporter-output>
          </reporter-output>
        </test-method> <!-- start -->
        <test-method is-config="true" signature="setUp()[pri:0, instance:com.qa.testLayer.TradingTest@3e58a80e]" started-at="2022-08-23T15:43:54 IST" name="setUp" finished-at="2022-08-23T15:44:07 IST" duration-ms="12698" status="PASS">
          <reporter-output>
          </reporter-output>
        </test-method> <!-- setUp -->
        <test-method signature="buyShareAxis()[pri:0, instance:com.qa.testLayer.TradingTest@3e58a80e]" started-at="2022-08-23T15:44:07 IST" name="buyShareAxis" finished-at="2022-08-23T15:44:24 IST" duration-ms="17358" status="FAIL">
          <exception class="java.lang.AssertionError">
            <message>
              <![CDATA[expected [Order Created ccessfully] but found [Order Created successfully]]]>
            </message>
            <full-stacktrace>
              <![CDATA[java.lang.AssertionError: expected [Order Created ccessfully] but found [Order Created successfully]
at org.testng.Assert.fail(Assert.java:99)
at org.testng.Assert.failNotEquals(Assert.java:1037)
at org.testng.Assert.assertEqualsImpl(Assert.java:140)
at org.testng.Assert.assertEquals(Assert.java:122)
at org.testng.Assert.assertEquals(Assert.java:629)
at org.testng.Assert.assertEquals(Assert.java:639)
at com.qa.testLayer.TradingTest.buyShareAxis(TradingTest.java:52)
at java.base/jdk.internal.reflect.DirectMethodHandleAccessor.invoke(DirectMethodHandleAccessor.java:104)
at java.base/java.lang.reflect.Method.invoke(Method.java:577)
at org.testng.internal.MethodInvocationHelper.invokeMethod(MethodInvocationHelper.java:133)
at org.testng.internal.TestInvoker.invokeMethod(TestInvoker.java:598)
at org.testng.internal.TestInvoker.invokeTestMethod(TestInvoker.java:173)
at org.testng.internal.MethodRunner.runInSequence(MethodRunner.java:46)
at org.testng.internal.TestInvoker$MethodInvocationAgent.invoke(TestInvoker.java:824)
at org.testng.internal.TestInvoker.invokeTestMethods(TestInvoker.java:146)
at org.testng.internal.TestMethodWorker.invokeTestMethods(TestMethodWorker.java:146)
at org.testng.internal.TestMethodWorker.run(TestMethodWorker.java:128)
at java.base/java.util.ArrayList.forEach(ArrayList.java:1511)
at org.testng.TestRunner.privateRun(TestRunner.java:794)
at org.testng.TestRunner.run(TestRunner.java:596)
at org.testng.SuiteRunner.runTest(SuiteRunner.java:377)
at org.testng.SuiteRunner.runSequentially(SuiteRunner.java:371)
at org.testng.SuiteRunner.privateRun(SuiteRunner.java:332)
at org.testng.SuiteRunner.run(SuiteRunner.java:276)
at org.testng.SuiteRunnerWorker.runSuite(SuiteRunnerWorker.java:53)
at org.testng.SuiteRunnerWorker.run(SuiteRunnerWorker.java:96)
at org.testng.TestNG.runSuitesSequentially(TestNG.java:1212)
at org.testng.TestNG.runSuitesLocally(TestNG.java:1134)
at org.testng.TestNG.runSuites(TestNG.java:1063)
at org.testng.TestNG.run(TestNG.java:1031)
at org.testng.remote.AbstractRemoteTestNG.run(AbstractRemoteTestNG.java:115)
at org.testng.remote.RemoteTestNG.initAndRun(RemoteTestNG.java:251)
at org.testng.remote.RemoteTestNG.main(RemoteTestNG.java:77)
]]>
            </full-stacktrace>
          </exception> <!-- java.lang.AssertionError -->
          <reporter-output>
          </reporter-output>
        </test-method> <!-- buyShareAxis -->
        <test-method is-config="true" signature="tearDown()[pri:0, instance:com.qa.testLayer.TradingTest@3e58a80e]" started-at="2022-08-23T15:44:24 IST" name="tearDown" finished-at="2022-08-23T15:44:25 IST" duration-ms="649" status="PASS">
          <reporter-output>
          </reporter-output>
        </test-method> <!-- tearDown -->
        <test-method is-config="true" signature="setUp()[pri:0, instance:com.qa.testLayer.TradingTest@3e58a80e]" started-at="2022-08-23T15:44:25 IST" name="setUp" finished-at="2022-08-23T15:44:31 IST" duration-ms="5856" status="PASS">
          <reporter-output>
          </reporter-output>
        </test-method> <!-- setUp -->
        <test-method signature="buyShareGail()[pri:0, instance:com.qa.testLayer.TradingTest@3e58a80e]" started-at="2022-08-23T15:44:31 IST" name="buyShareGail" finished-at="2022-08-23T15:44:49 IST" duration-ms="18019" status="PASS">
          <reporter-output>
          </reporter-output>
        </test-method> <!-- buyShareGail -->
        <test-method is-config="true" signature="tearDown()[pri:0, instance:com.qa.testLayer.TradingTest@3e58a80e]" started-at="2022-08-23T15:44:49 IST" name="tearDown" finished-at="2022-08-23T15:44:49 IST" duration-ms="446" status="PASS">
          <reporter-output>
          </reporter-output>
        </test-method> <!-- tearDown -->
        <test-method is-config="true" signature="setUp()[pri:0, instance:com.qa.testLayer.TradingTest@3e58a80e]" started-at="2022-08-23T15:44:49 IST" name="setUp" finished-at="2022-08-23T15:44:55 IST" duration-ms="5919" status="PASS">
          <reporter-output>
          </reporter-output>
        </test-method> <!-- setUp -->
        <test-method signature="buyShareWipro()[pri:0, instance:com.qa.testLayer.TradingTest@3e58a80e]" started-at="2022-08-23T15:44:55 IST" name="buyShareWipro" finished-at="2022-08-23T15:45:12 IST" duration-ms="17169" status="PASS">
          <reporter-output>
          </reporter-output>
        </test-method> <!-- buyShareWipro -->
        <test-method is-config="true" signature="tearDown()[pri:0, instance:com.qa.testLayer.TradingTest@3e58a80e]" started-at="2022-08-23T15:45:12 IST" name="tearDown" finished-at="2022-08-23T15:45:13 IST" duration-ms="452" status="PASS">
          <reporter-output>
          </reporter-output>
        </test-method> <!-- tearDown -->
        <test-method is-config="true" signature="setUp()[pri:0, instance:com.qa.testLayer.TradingTest@3e58a80e]" started-at="2022-08-23T15:45:13 IST" name="setUp" finished-at="2022-08-23T15:45:19 IST" duration-ms="5627" status="PASS">
          <reporter-output>
          </reporter-output>
        </test-method> <!-- setUp -->
        <test-method signature="sellShareGail()[pri:0, instance:com.qa.testLayer.TradingTest@3e58a80e]" started-at="2022-08-23T15:45:19 IST" name="sellShareGail" finished-at="2022-08-23T15:45:36 IST" duration-ms="17461" status="PASS">
          <reporter-output>
          </reporter-output>
        </test-method> <!-- sellShareGail -->
        <test-method is-config="true" signature="tearDown()[pri:0, instance:com.qa.testLayer.TradingTest@3e58a80e]" started-at="2022-08-23T15:45:36 IST" name="tearDown" finished-at="2022-08-23T15:45:36 IST" duration-ms="475" status="PASS">
          <reporter-output>
          </reporter-output>
        </test-method> <!-- tearDown -->
        <test-method is-config="true" signature="setUp()[pri:0, instance:com.qa.testLayer.TradingTest@3e58a80e]" started-at="2022-08-23T15:45:36 IST" name="setUp" finished-at="2022-08-23T15:45:42 IST" duration-ms="5455" status="PASS">
          <reporter-output>
          </reporter-output>
        </test-method> <!-- setUp -->
        <test-method signature="sellShareWipro()[pri:0, instance:com.qa.testLayer.TradingTest@3e58a80e]" started-at="2022-08-23T15:45:42 IST" name="sellShareWipro" finished-at="2022-08-23T15:45:59 IST" duration-ms="17234" status="PASS">
          <reporter-output>
          </reporter-output>
        </test-method> <!-- sellShareWipro -->
        <test-method is-config="true" signature="tearDown()[pri:0, instance:com.qa.testLayer.TradingTest@3e58a80e]" started-at="2022-08-23T15:45:59 IST" name="tearDown" finished-at="2022-08-23T15:46:00 IST" duration-ms="446" status="PASS">
          <reporter-output>
          </reporter-output>
        </test-method> <!-- tearDown -->
        <test-method is-config="true" signature="end()[pri:0, instance:com.qa.testLayer.TradingTest@3e58a80e]" started-at="2022-08-23T15:46:00 IST" name="end" finished-at="2022-08-23T15:46:00 IST" duration-ms="2" status="PASS">
          <reporter-output>
          </reporter-output>
        </test-method> <!-- end -->
      </class> <!-- com.qa.testLayer.TradingTest -->
    </test> <!-- Test -->
  </suite> <!-- Suite -->
</testng-results>
